C51 COMPILER V8.02   MAIN                                                                  07/14/2017 16:10:38 PAGE 1   


C51 COMPILER V8.02, COMPILATION OF MODULE MAIN
OBJECT MODULE PLACED IN ..\output\main.obj
COMPILER INVOKED BY: D:\Program Files (x86)\Keil\C51\BIN\C51.EXE main.c BROWSE INCDIR(..\Peripherals\inc\) DEBUG OBJECTE
                    -XTEND PRINT(..\lis\main.lst) OBJECT(..\output\main.obj)

line level    source

   1          #include <reg52.h>
   2          #include "usart.h"
   3          #include "iic.h"  
   4          /*
   5          硬件接法：
   6          GY_US42---c51
   7          1、GY_US42_RX---c51_TX,c51复位将发送A5 A5 55 9F （模块自动输出指令)给模块
   8          2、c51_TX---FT232,STM32将数据上传给上位机
   9          3、GY_US42_TX---c51_RX，接收模块距离数据
  10          软件说明:
  11          该程序采用串口方式获取模块距离数据，波特率9600
  12          所以得用上位机先将模块串口设置成9600，然后再进行以上操作：
  13          指令:A5 A5 AE F8,模块需复位生效
  14          
  15          注：中断函数位于stc_it.c
  16          联系方式：
  17          http://shop62474960.taobao.com/?spm=a230r.7195193.1997079397.2.9qa3Ky&v=1
  18          */
  19          void send_com(u8 datas)
  20          {
  21   1         u8 bytes[4]={0};
  22   1              bytes[0]=0xa5;
  23   1              bytes[1]=0x56;
  24   1              bytes[2]=datas;//功能字节
  25   1              USART_Send(bytes,4);//发送帧头、功能字节、校验和
  26   1      }
  27          void delay(uint16_t  x)
  28          {
  29   1              while(x--);
  30   1      }
  31          int main(void)
  32          {
  33   1      
  34   1          u8 sum=0,i=0;
  35   1                uint16_t distance=0;
  36   1              Usart_Int(9600);
  37   1              delay(60000);
  38   1              send_com(0x02);//发送读rgb指令
  39   1              while(1)
  40   1              {
  41   2              
  42   2                      delay(100);
  43   2                      if(Receive_ok)//串口接收完毕
  44   2                      {
  45   3                              for(sum=0,i=0;i<(Sonar_data[3]+4);i++)//rgb_data[3]=3
  46   3                              sum+=Sonar_data[i];
  47   3                              if(sum==Sonar_data[i])//校验和判断
  48   3                              {
  49   4                             distance=(Sonar_data[4]<<8)|Sonar_data[5];
  50   4                                      send_out(&distance,1,0x45);//上传给上位机
*** WARNING C182 IN LINE 50 OF MAIN.C: pointer to different objects
  51   4                              }
  52   3                              Receive_ok=0;//处理数据完毕标志
  53   3                      }
C51 COMPILER V8.02   MAIN                                                                  07/14/2017 16:10:38 PAGE 2   

  54   2              }
  55   1      }


MODULE INFORMATION:   STATIC OVERLAYABLE
   CODE SIZE        =    169    ----
   CONSTANT SIZE    =      4    ----
   XDATA SIZE       =   ----    ----
   PDATA SIZE       =   ----    ----
   DATA SIZE        =   ----       9
   IDATA SIZE       =   ----    ----
   BIT SIZE         =   ----    ----
END OF MODULE INFORMATION.


C51 COMPILATION COMPLETE.  1 WARNING(S),  0 ERROR(S)
