C51 COMPILER V8.02   STC_IT                                                                07/10/2017 09:54:53 PAGE 1   


C51 COMPILER V8.02, COMPILATION OF MODULE STC_IT
OBJECT MODULE PLACED IN ..\output\stc_it.obj
COMPILER INVOKED BY: D:\Program Files (x86)\Keil\C51\BIN\C51.EXE ..\Peripherals\src\stc_it.c BROWSE INCDIR(..\Peripheral
                    -s\inc\) DEBUG OBJECTEXTEND PRINT(..\lis\stc_it.lst) OBJECT(..\output\stc_it.obj)

line level    source

   1          #include "stc_it.h"
   2          #include "usart.h"
   3          #include "string.h"
   4          #include "exti.h"
   5          
   6          uint8_t stata=0;
   7          //定时器0中断
   8          void timer0() interrupt 1  //
   9           {
  10   1               TF0=0;
  11   1               TH0=0;
  12   1               TL0=0;
  13   1                       BIT=2; 
  14   1         }
  15              //外部中断0
  16          void EXTI1_IRQHandler(void)interrupt 0
  17          {     
  18   1               TR0=0;          //关闭定时器1
  19   1           EX0=0;          //关闭外部中断0
  20   1           time_count =TH0<<8|TL0;     
  21   1               BIT=1;
  22   1               IE0=0;
  23   1      }
  24          //串口中断
  25          void USART_IRQHandler(void)interrupt 4
  26          {
  27   1              static uint8_t i=0,rebuf[7]={0};
  28   1              uint8_t sum=0;
  29   1          if(TI)//发送完成标志
  30   1              {
  31   2                TI=0;//清发送完成标志
  32   2                send_ok=0;//缓存标志置0 
  33   2              }
  34   1              if(RI)//接收完成标志
  35   1              {
  36   2                      rebuf[i++]=SBUF;
  37   2                      RI=0;//清中断接收标志
  38   2                      if (rebuf[0]!=0x5a)//帧头不对
  39   2                              i=0;    
  40   2                      if ((i==2)&&(rebuf[1]!=0x5a))//帧头不对
  41   2                              i=0;
  42   2              
  43   2                      if(i>3)//i等于4时，已经接收到数据量字节rebuf[3]
  44   2                      {
  45   3                              if(i!=(rebuf[3]+5))//判断是否接收一帧数据完毕
  46   3                                      return; 
  47   3                              switch(rebuf[2])//接收完毕后处理
  48   3                              {
  49   4                                      case 0x45:
  50   4                                              if(!Receive_ok)//当数据处理完成后才接收新的数据
  51   4                                              {
  52   5                                                      memcpy(Sonar_data,rebuf,7);//拷贝接收到的数据
  53   5                                                      Receive_ok=1;//接收完成标志
  54   5                                              }
C51 COMPILER V8.02   STC_IT                                                                07/10/2017 09:54:53 PAGE 2   

  55   4                                              break;
  56   4                                      case 0x15:break;//原始数据接收，可模仿0x45的方式
  57   4                                      case 0x35:break;
  58   4                              }
  59   3                              i=0;//缓存清0
  60   3                      }
  61   2              
  62   2              }
  63   1      
  64   1      }


MODULE INFORMATION:   STATIC OVERLAYABLE
   CODE SIZE        =    212    ----
   CONSTANT SIZE    =   ----    ----
   XDATA SIZE       =   ----    ----
   PDATA SIZE       =   ----    ----
   DATA SIZE        =      9       1
   IDATA SIZE       =   ----    ----
   BIT SIZE         =   ----    ----
END OF MODULE INFORMATION.


C51 COMPILATION COMPLETE.  0 WARNING(S),  0 ERROR(S)
